{
  "RSpec": {
    "coverage": {
      "/mnt/c/Users/diego/OneDrive/Escritorio/Software/2022-2-grupo-76/app/controllers/application_controller.rb": {
        "lines": [
          null,
          null,
          1,
          1,
          null,
          1,
          null,
          1,
          null,
          1,
          32,
          0,
          0,
          0,
          null,
          0,
          null,
          null,
          null,
          32,
          32,
          32,
          null,
          null,
          null
        ]
      },
      "/mnt/c/Users/diego/OneDrive/Escritorio/Software/2022-2-grupo-76/app/helpers/application_helper.rb": {
        "lines": [
          null,
          null,
          1,
          null
        ]
      },
      "/mnt/c/Users/diego/OneDrive/Escritorio/Software/2022-2-grupo-76/app/helpers/carro_items_helper.rb": {
        "lines": [
          null,
          null,
          1,
          null
        ]
      },
      "/mnt/c/Users/diego/OneDrive/Escritorio/Software/2022-2-grupo-76/app/helpers/carros_helper.rb": {
        "lines": [
          null,
          null,
          1,
          1,
          1,
          1,
          0,
          null,
          1,
          null,
          null
        ]
      },
      "/mnt/c/Users/diego/OneDrive/Escritorio/Software/2022-2-grupo-76/app/helpers/home_helper.rb": {
        "lines": [
          null,
          null,
          1,
          null
        ]
      },
      "/mnt/c/Users/diego/OneDrive/Escritorio/Software/2022-2-grupo-76/app/helpers/productos_helper.rb": {
        "lines": [
          null,
          null,
          1,
          null
        ]
      },
      "/mnt/c/Users/diego/OneDrive/Escritorio/Software/2022-2-grupo-76/app/helpers/resenas_helper.rb": {
        "lines": [
          null,
          null,
          1,
          null
        ]
      },
      "/mnt/c/Users/diego/OneDrive/Escritorio/Software/2022-2-grupo-76/app/helpers/reservas_helper.rb": {
        "lines": [
          null,
          null,
          1,
          null
        ]
      },
      "/mnt/c/Users/diego/OneDrive/Escritorio/Software/2022-2-grupo-76/app/models/admin_user.rb": {
        "lines": [
          null,
          null,
          1,
          null,
          null,
          1,
          null,
          null
        ]
      },
      "/mnt/c/Users/diego/OneDrive/Escritorio/Software/2022-2-grupo-76/app/models/application_record.rb": {
        "lines": [
          null,
          null,
          1,
          1,
          null
        ]
      },
      "/mnt/c/Users/diego/OneDrive/Escritorio/Software/2022-2-grupo-76/app/admin/admin_users.rb": {
        "lines": [
          null,
          null,
          1,
          1,
          null,
          1,
          0,
          0,
          0,
          0,
          0,
          0,
          0,
          null,
          null,
          1,
          1,
          1,
          1,
          null,
          1,
          0,
          0,
          0,
          0,
          null,
          0,
          null,
          null
        ]
      },
      "/mnt/c/Users/diego/OneDrive/Escritorio/Software/2022-2-grupo-76/app/admin/dashboard.rb": {
        "lines": [
          null,
          null,
          1,
          1,
          null,
          1,
          null,
          null,
          0,
          0,
          0,
          0,
          null,
          null,
          null,
          0,
          0,
          0,
          0,
          0,
          null,
          null,
          null,
          null,
          null,
          null,
          null
        ]
      },
      "/mnt/c/Users/diego/OneDrive/Escritorio/Software/2022-2-grupo-76/app/admin/messages.rb": {
        "lines": [
          null,
          null,
          1,
          null,
          null,
          null,
          null,
          null,
          null,
          null,
          null,
          null,
          null,
          null,
          null,
          null,
          null,
          null
        ]
      },
      "/mnt/c/Users/diego/OneDrive/Escritorio/Software/2022-2-grupo-76/app/models/message.rb": {
        "lines": [
          null,
          null,
          1,
          1,
          1,
          null,
          1,
          null,
          1,
          0,
          null,
          null
        ]
      },
      "/mnt/c/Users/diego/OneDrive/Escritorio/Software/2022-2-grupo-76/app/admin/productos.rb": {
        "lines": [
          null,
          null,
          1,
          null,
          null,
          null,
          null,
          null,
          1,
          null,
          null,
          null,
          null,
          null,
          null,
          null,
          null,
          null,
          1,
          0,
          0,
          0,
          0,
          null,
          0,
          null,
          null
        ]
      },
      "/mnt/c/Users/diego/OneDrive/Escritorio/Software/2022-2-grupo-76/app/models/producto.rb": {
        "lines": [
          null,
          null,
          1,
          1,
          1,
          1,
          1,
          1,
          1,
          1,
          1,
          null
        ]
      },
      "/mnt/c/Users/diego/OneDrive/Escritorio/Software/2022-2-grupo-76/app/admin/resenas.rb": {
        "lines": [
          null,
          null,
          1,
          null,
          null,
          null,
          null,
          null,
          null,
          null,
          null,
          null,
          null,
          null,
          null,
          null,
          null,
          null
        ]
      },
      "/mnt/c/Users/diego/OneDrive/Escritorio/Software/2022-2-grupo-76/app/models/resena.rb": {
        "lines": [
          null,
          null,
          1,
          1,
          1,
          1,
          1,
          null
        ]
      },
      "/mnt/c/Users/diego/OneDrive/Escritorio/Software/2022-2-grupo-76/app/admin/reservas.rb": {
        "lines": [
          null,
          null,
          1,
          null,
          null,
          null,
          null,
          null,
          1,
          null,
          null,
          null,
          null,
          null,
          null,
          null,
          null,
          null,
          1,
          0,
          0,
          null,
          null,
          null,
          null,
          1,
          0,
          0,
          0,
          null,
          null,
          1,
          0,
          0,
          null,
          0,
          null,
          null,
          1,
          0,
          0,
          0,
          null,
          null
        ]
      },
      "/mnt/c/Users/diego/OneDrive/Escritorio/Software/2022-2-grupo-76/app/models/reserva.rb": {
        "lines": [
          null,
          null,
          1,
          1,
          1,
          1,
          null,
          1,
          9,
          1,
          8,
          1,
          null,
          null,
          1,
          1,
          null
        ]
      },
      "/mnt/c/Users/diego/OneDrive/Escritorio/Software/2022-2-grupo-76/app/admin/usuarios.rb": {
        "lines": [
          null,
          null,
          1,
          null,
          null,
          null,
          null,
          null,
          null,
          null,
          null,
          null,
          null,
          null,
          null,
          null,
          null,
          null,
          null,
          null,
          null,
          1,
          0,
          0,
          null,
          null,
          null,
          null,
          1,
          0,
          0,
          0,
          null,
          null
        ]
      },
      "/mnt/c/Users/diego/OneDrive/Escritorio/Software/2022-2-grupo-76/app/models/usuario.rb": {
        "lines": [
          null,
          null,
          1,
          null,
          null,
          1,
          1,
          null,
          1,
          1,
          1,
          1,
          1,
          31,
          null,
          1,
          1,
          null
        ]
      },
      "/mnt/c/Users/diego/OneDrive/Escritorio/Software/2022-2-grupo-76/app/controllers/carros_controller.rb": {
        "lines": [
          null,
          null,
          1,
          1,
          1,
          2,
          null,
          null,
          1,
          2,
          2,
          2,
          2,
          null,
          null
        ]
      },
      "/mnt/c/Users/diego/OneDrive/Escritorio/Software/2022-2-grupo-76/app/controllers/carro_items_controller.rb": {
        "lines": [
          null,
          null,
          1,
          1,
          1,
          2,
          2,
          null,
          2,
          0,
          0,
          0,
          0,
          null,
          0,
          2,
          null,
          2,
          2,
          2,
          2,
          2,
          2,
          null,
          null,
          null,
          1,
          1,
          1,
          1,
          1,
          null,
          null,
          1,
          1,
          1,
          1,
          1,
          null,
          null,
          1,
          1,
          1,
          1,
          null,
          null,
          1,
          null,
          1,
          0,
          null,
          null
        ]
      },
      "/mnt/c/Users/diego/OneDrive/Escritorio/Software/2022-2-grupo-76/app/controllers/conversations_controller.rb": {
        "lines": [
          null,
          null,
          1,
          1,
          null,
          1,
          1,
          1,
          null,
          null,
          1,
          0,
          0,
          null,
          0,
          null,
          0,
          null,
          null,
          1,
          null,
          1,
          0,
          null,
          null
        ]
      },
      "/mnt/c/Users/diego/OneDrive/Escritorio/Software/2022-2-grupo-76/app/controllers/home_controller.rb": {
        "lines": [
          null,
          null,
          1,
          1,
          1,
          null
        ]
      },
      "/mnt/c/Users/diego/OneDrive/Escritorio/Software/2022-2-grupo-76/app/controllers/messages_controller.rb": {
        "lines": [
          null,
          null,
          1,
          1,
          0,
          null,
          null,
          1,
          0,
          0,
          null,
          null,
          1,
          0,
          null,
          null,
          1,
          0,
          0,
          null,
          null,
          1,
          null,
          1,
          0,
          null,
          null
        ]
      },
      "/mnt/c/Users/diego/OneDrive/Escritorio/Software/2022-2-grupo-76/app/controllers/productos_controller.rb": {
        "lines": [
          null,
          null,
          1,
          1,
          null,
          null,
          1,
          1,
          1,
          1,
          null,
          0,
          null,
          null,
          null,
          1,
          0,
          null,
          null,
          null,
          1,
          null,
          null,
          1,
          null,
          null,
          1,
          5,
          null,
          5,
          5,
          2,
          1,
          null,
          8,
          4,
          null,
          null,
          null,
          null,
          null,
          1,
          4,
          4,
          2,
          1,
          null,
          6,
          3,
          null,
          null,
          null,
          null,
          null,
          1,
          1,
          null,
          1,
          2,
          1,
          null,
          null,
          null,
          1,
          null,
          null,
          1,
          5,
          null,
          null,
          null,
          1,
          9,
          null,
          null,
          null
        ]
      },
      "/mnt/c/Users/diego/OneDrive/Escritorio/Software/2022-2-grupo-76/app/controllers/resenas_controller.rb": {
        "lines": [
          null,
          null,
          1,
          1,
          null,
          1,
          0,
          0,
          0,
          null,
          0,
          null,
          null,
          1,
          0,
          null,
          null,
          null,
          1,
          0,
          0,
          null,
          null,
          null,
          1,
          0,
          0,
          0,
          0,
          null,
          0,
          0,
          null,
          0,
          null,
          null,
          null,
          1,
          0,
          0,
          0,
          null,
          null,
          null,
          1,
          null,
          1,
          0,
          null,
          null
        ]
      },
      "/mnt/c/Users/diego/OneDrive/Escritorio/Software/2022-2-grupo-76/app/controllers/reservas_controller.rb": {
        "lines": [
          null,
          null,
          1,
          1,
          null,
          1,
          1,
          1,
          1,
          null,
          null,
          1,
          1,
          1,
          0,
          0,
          null,
          1,
          1,
          null,
          null,
          1,
          1,
          1,
          0,
          null,
          1,
          null,
          null,
          1,
          0,
          null,
          null,
          null,
          1,
          0,
          0,
          null,
          null,
          null,
          1,
          1,
          1,
          1,
          0,
          0,
          null,
          null,
          null,
          1,
          1,
          null,
          0,
          0,
          null,
          1,
          1,
          1,
          null,
          0,
          null,
          null,
          null,
          1,
          0,
          0,
          0,
          0,
          null,
          0,
          0,
          null,
          null,
          null,
          null,
          1,
          1,
          1,
          1,
          null,
          null,
          null,
          1,
          null,
          1,
          1,
          null,
          null
        ]
      },
      "/mnt/c/Users/diego/OneDrive/Escritorio/Software/2022-2-grupo-76/app/controllers/usuarios/registrations_controller.rb": {
        "lines": [
          null,
          null,
          1,
          1,
          1,
          1,
          null,
          null,
          null,
          null,
          null,
          null,
          null,
          null,
          null,
          null,
          null,
          null,
          null,
          null,
          null,
          null,
          null,
          null,
          null,
          null,
          null,
          null,
          null,
          null,
          null,
          null,
          null,
          null,
          null,
          null,
          null,
          null,
          null,
          null,
          null,
          null,
          null,
          null,
          1,
          5,
          null,
          null,
          null,
          null,
          1,
          0,
          null,
          null,
          null,
          null,
          null,
          null,
          null,
          null,
          null,
          null,
          null,
          null,
          null,
          null
        ]
      },
      "/mnt/c/Users/diego/OneDrive/Escritorio/Software/2022-2-grupo-76/app/models/carro_item.rb": {
        "lines": [
          null,
          null,
          1,
          1,
          1,
          1,
          1,
          null,
          1,
          1,
          10,
          null,
          null
        ]
      },
      "/mnt/c/Users/diego/OneDrive/Escritorio/Software/2022-2-grupo-76/app/models/carro.rb": {
        "lines": [
          null,
          null,
          1,
          1,
          1,
          null
        ]
      },
      "/mnt/c/Users/diego/OneDrive/Escritorio/Software/2022-2-grupo-76/app/models/conversation.rb": {
        "lines": [
          null,
          null,
          1,
          1,
          1,
          null,
          1,
          1,
          null,
          1,
          0,
          null,
          null,
          null,
          null
        ]
      }
    },
    "timestamp": 1668728865
  }
}
