{
  "RSpec": {
    "coverage": {
      "/mnt/c/Users/diego/OneDrive/Escritorio/Copia proyecto post sprint 1/app/controllers/application_controller.rb": {
        "lines": [
          null,
          null,
          1,
          null
        ]
      },
      "/mnt/c/Users/diego/OneDrive/Escritorio/Copia proyecto post sprint 1/app/helpers/application_helper.rb": {
        "lines": [
          null,
          null,
          1,
          null
        ]
      },
      "/mnt/c/Users/diego/OneDrive/Escritorio/Copia proyecto post sprint 1/app/helpers/home_helper.rb": {
        "lines": [
          null,
          null,
          1,
          null
        ]
      },
      "/mnt/c/Users/diego/OneDrive/Escritorio/Copia proyecto post sprint 1/app/helpers/productos_helper.rb": {
        "lines": [
          null,
          null,
          1,
          null
        ]
      },
      "/mnt/c/Users/diego/OneDrive/Escritorio/Copia proyecto post sprint 1/app/helpers/resenas_helper.rb": {
        "lines": [
          1,
          null
        ]
      },
      "/mnt/c/Users/diego/OneDrive/Escritorio/Copia proyecto post sprint 1/app/helpers/reservas_helper.rb": {
        "lines": [
          null,
          null,
          1,
          null
        ]
      },
      "/mnt/c/Users/diego/OneDrive/Escritorio/Copia proyecto post sprint 1/app/models/admin_user.rb": {
        "lines": [
          1,
          null,
          null,
          1,
          null,
          null
        ]
      },
      "/mnt/c/Users/diego/OneDrive/Escritorio/Copia proyecto post sprint 1/app/models/application_record.rb": {
        "lines": [
          null,
          null,
          1,
          1,
          null
        ]
      },
      "/mnt/c/Users/diego/OneDrive/Escritorio/Copia proyecto post sprint 1/app/admin/admin_users.rb": {
        "lines": [
          1,
          1,
          null,
          1,
          0,
          0,
          0,
          0,
          0,
          0,
          0,
          null,
          null,
          1,
          1,
          1,
          1,
          null,
          1,
          0,
          0,
          0,
          0,
          null,
          0,
          null,
          null,
          null
        ]
      },
      "/mnt/c/Users/diego/OneDrive/Escritorio/Copia proyecto post sprint 1/app/admin/dashboard.rb": {
        "lines": [
          null,
          1,
          1,
          null,
          1,
          0,
          0,
          0,
          0,
          null,
          null,
          null,
          null,
          null,
          null,
          null,
          null,
          null,
          null,
          null,
          null,
          null,
          null,
          null,
          null,
          null,
          null,
          null,
          null,
          null,
          null,
          null,
          null
        ]
      },
      "/mnt/c/Users/diego/OneDrive/Escritorio/Copia proyecto post sprint 1/app/admin/productos.rb": {
        "lines": [
          1,
          null,
          null,
          null,
          null,
          null,
          null,
          1,
          null,
          null,
          null,
          null,
          null,
          null,
          null,
          null,
          null,
          1,
          0,
          0,
          0,
          0,
          null,
          0,
          null,
          null,
          null
        ]
      },
      "/mnt/c/Users/diego/OneDrive/Escritorio/Copia proyecto post sprint 1/app/models/producto.rb": {
        "lines": [
          null,
          null,
          1,
          1,
          1,
          1,
          1,
          1,
          1,
          1,
          1,
          null
        ]
      },
      "/mnt/c/Users/diego/OneDrive/Escritorio/Copia proyecto post sprint 1/app/admin/resenas.rb": {
        "lines": [
          1,
          null,
          null,
          null,
          null,
          null,
          null,
          null,
          null,
          null,
          null,
          null,
          null,
          null,
          null,
          null,
          null,
          null
        ]
      },
      "/mnt/c/Users/diego/OneDrive/Escritorio/Copia proyecto post sprint 1/app/models/resena.rb": {
        "lines": [
          1,
          1,
          1,
          1,
          1,
          null
        ]
      },
      "/mnt/c/Users/diego/OneDrive/Escritorio/Copia proyecto post sprint 1/app/admin/reservas.rb": {
        "lines": [
          1,
          null,
          null,
          null,
          null,
          null,
          null,
          1,
          null,
          null,
          null,
          null,
          null,
          null,
          null,
          null,
          null,
          1,
          0,
          null,
          null,
          1,
          0,
          0,
          0,
          0,
          0,
          null,
          0,
          null,
          null,
          1,
          0,
          null,
          null,
          1,
          0,
          0,
          0,
          null,
          null,
          null
        ]
      },
      "/mnt/c/Users/diego/OneDrive/Escritorio/Copia proyecto post sprint 1/app/models/reserva.rb": {
        "lines": [
          null,
          null,
          1,
          1,
          1,
          1,
          1,
          null,
          1,
          1,
          0,
          1,
          0,
          null,
          null,
          null
        ]
      },
      "/mnt/c/Users/diego/OneDrive/Escritorio/Copia proyecto post sprint 1/app/admin/usuarios.rb": {
        "lines": [
          1,
          null,
          null,
          null,
          null,
          null,
          null,
          null,
          null,
          null,
          null,
          null,
          null,
          null,
          null,
          null,
          null,
          null
        ]
      },
      "/mnt/c/Users/diego/OneDrive/Escritorio/Copia proyecto post sprint 1/app/models/usuario.rb": {
        "lines": [
          null,
          null,
          1,
          null,
          null,
          1,
          1,
          null,
          1,
          1,
          null,
          null,
          null,
          null,
          null,
          1,
          1,
          null
        ]
      },
      "/mnt/c/Users/diego/OneDrive/Escritorio/Copia proyecto post sprint 1/app/controllers/home_controller.rb": {
        "lines": [
          null,
          null,
          1,
          1,
          1,
          null
        ]
      },
      "/mnt/c/Users/diego/OneDrive/Escritorio/Copia proyecto post sprint 1/app/controllers/productos_controller.rb": {
        "lines": [
          null,
          null,
          1,
          1,
          null,
          null,
          1,
          1,
          1,
          1,
          null,
          0,
          null,
          null,
          null,
          null,
          1,
          null,
          null,
          1,
          0,
          null,
          null,
          null,
          1,
          null,
          null,
          1,
          5,
          null,
          5,
          5,
          2,
          1,
          null,
          8,
          4,
          null,
          null,
          null,
          null,
          null,
          1,
          4,
          4,
          2,
          1,
          null,
          6,
          3,
          null,
          null,
          null,
          null,
          null,
          1,
          1,
          null,
          1,
          2,
          1,
          null,
          null,
          null,
          1,
          null,
          null,
          1,
          5,
          null,
          null,
          null,
          1,
          9,
          null,
          null
        ]
      },
      "/mnt/c/Users/diego/OneDrive/Escritorio/Copia proyecto post sprint 1/app/controllers/resenas_controller.rb": {
        "lines": [
          1,
          1,
          null,
          null,
          1,
          0,
          0,
          null,
          null,
          null,
          1,
          0,
          0,
          0,
          0,
          null,
          0,
          0,
          null,
          0,
          null,
          null,
          null,
          1,
          0,
          0,
          0,
          null,
          null,
          null,
          1,
          1,
          0,
          null,
          null
        ]
      },
      "/mnt/c/Users/diego/OneDrive/Escritorio/Copia proyecto post sprint 1/app/controllers/reservas_controller.rb": {
        "lines": [
          null,
          null,
          1,
          1,
          null,
          null,
          1,
          0,
          0,
          null,
          null,
          null,
          1,
          0,
          0,
          0,
          0,
          null,
          0,
          0,
          null,
          0,
          null,
          null,
          null,
          1,
          0,
          0,
          0,
          0,
          null,
          0,
          0,
          null,
          null,
          null,
          null,
          1,
          0,
          0,
          0,
          null,
          null,
          null,
          1,
          1,
          0,
          null,
          null
        ]
      },
      "/mnt/c/Users/diego/OneDrive/Escritorio/Copia proyecto post sprint 1/app/controllers/usuarios/registrations_controller.rb": {
        "lines": [
          null,
          null,
          1,
          1,
          1,
          1,
          null,
          null,
          null,
          null,
          null,
          null,
          null,
          null,
          null,
          null,
          null,
          null,
          null,
          null,
          null,
          null,
          null,
          null,
          null,
          null,
          null,
          null,
          null,
          null,
          null,
          null,
          null,
          null,
          null,
          null,
          null,
          null,
          null,
          null,
          null,
          null,
          null,
          null,
          1,
          5,
          null,
          null,
          null,
          null,
          1,
          0,
          null,
          null,
          null,
          null,
          null,
          null,
          null,
          null,
          null,
          null,
          null,
          null,
          null,
          null
        ]
      },
      "/mnt/c/Users/diego/OneDrive/Escritorio/Copia proyecto post sprint 1/app/channels/application_cable/channel.rb": {
        "lines": [
          null,
          null,
          0,
          0,
          0,
          0
        ],
        "branches": {
        }
      },
      "/mnt/c/Users/diego/OneDrive/Escritorio/Copia proyecto post sprint 1/app/channels/application_cable/connection.rb": {
        "lines": [
          null,
          null,
          0,
          0,
          0,
          0
        ],
        "branches": {
        }
      }
    },
    "timestamp": 1666331248
  }
}
